<?xml version="1.0" encoding="UTF-8"?>
<testsuite name="StudentTest" tests="5" skipped="0" failures="0" errors="0" timestamp="2020-12-17T20:23:46" hostname="users-MacBook-Pro.local" time="0.086">
  <properties/>
  <testcase name="should_set_the_student_school_fee_based_on_the_class" classname="StudentTest" time="0.068"/>
  <testcase name="should_return_the_details_of_the_student" classname="StudentTest" time="0.004"/>
  <testcase name="test_should_return_the_mutable_list_of_courses" classname="StudentTest" time="0.002"/>
  <testcase name="test_should_add_course_to_the_student_course" classname="StudentTest" time="0.005"/>
  <testcase name="test_returns_number_of_courses_in_the_student" classname="StudentTest" time="0.001"/>
  <system-out><![CDATA[]]></system-out>
  <system-err><![CDATA[]]></system-err>
</testsuite>
