<?xml version="1.0" encoding="UTF-8"?>
<testsuite name="ApplicantTest" tests="1" skipped="0" failures="0" errors="0" timestamp="2020-12-17T20:23:46" hostname="users-MacBook-Pro.local" time="0.0">
  <properties/>
  <testcase name="should_return_applicant_details" classname="ApplicantTest" time="0.0"/>
  <system-out><![CDATA[]]></system-out>
  <system-err><![CDATA[]]></system-err>
</testsuite>
