<?xml version="1.0" encoding="UTF-8"?>
<testsuite name="PersonTest" tests="7" skipped="0" failures="0" errors="0" timestamp="2020-12-17T20:23:46" hostname="users-MacBook-Pro.local" time="0.013">
  <properties/>
  <testcase name="should_return_the_idColor_of_a_person" classname="PersonTest" time="0.001"/>
  <testcase name="should_return_the_sex_of_a_person" classname="PersonTest" time="0.0"/>
  <testcase name="should_return_the_last_name_of_a_person" classname="PersonTest" time="0.0"/>
  <testcase name="should_return_the_first_name_of_a_person" classname="PersonTest" time="0.002"/>
  <testcase name="should_return_the_idNo_of_a_person" classname="PersonTest" time="0.001"/>
  <testcase name="should_return_the_fullname_of_a_person" classname="PersonTest" time="0.0"/>
  <testcase name="should_return_the_age_of_a_person" classname="PersonTest" time="0.0"/>
  <system-out><![CDATA[]]></system-out>
  <system-err><![CDATA[]]></system-err>
</testsuite>
